# JRE version: OpenJDK Runtime Environment 18.9 (11.0.11+9) (build 11.0.11+9)
# Java VM: OpenJDK 64-Bit Server VM 18.9 (11.0.11+9, mixed mode, tiered, compressed oops, g1 gc, windows-amd64)
Heap:
 garbage-first heap   total 378880K, used 183316K [0x0000000740000000, 0x0000000800000000)
  region size 1024K, 11 young (11264K), 0 survivors (0K)
 Metaspace       used 100412K, capacity 101732K, committed 107084K, reserved 1140736K
  class space    used 13008K, capacity 13507K, committed 15360K, reserved 1048576K
GC Heap History (20 events):
Event: 10508.715 GC heap before
{Heap before GC invocations=1455 (full 240):
 garbage-first heap   total 378880K, used 231156K [0x0000000740000000, 0x0000000800000000)
  region size 1024K, 60 young (61440K), 0 survivors (0K)
 Metaspace       used 100389K, capacity 101668K, committed 106828K, reserved 1140736K
  class space    used 13008K, capacity 13507K, committed 15360K, reserved 1048576K
}
Event: 10508.720 GC heap after
{Heap after GC invocations=1456 (full 240):
 garbage-first heap   total 378880K, used 170522K [0x0000000740000000, 0x0000000800000000)
  region size 1024K, 1 young (1024K), 1 survivors (1024K)
 Metaspace       used 100389K, capacity 101668K, committed 106828K, reserved 1140736K
  class space    used 13008K, capacity 13507K, committed 15360K, reserved 1048576K
}
Event: 10519.399 GC heap before
{Heap before GC invocations=1457 (full 240):
 garbage-first heap   total 378880K, used 230938K [0x0000000740000000, 0x0000000800000000)
  region size 1024K, 60 young (61440K), 1 survivors (1024K)
 Metaspace       used 100389K, capacity 101668K, committed 106828K, reserved 1140736K
  class space    used 13008K, capacity 13507K, committed 15360K, reserved 1048576K
}
Event: 10519.406 GC heap after
{Heap after GC invocations=1458 (full 240):
 garbage-first heap   total 378880K, used 170579K [0x0000000740000000, 0x0000000800000000)
  region size 1024K, 1 young (1024K), 1 survivors (1024K)
 Metaspace       used 100389K, capacity 101668K, committed 106828K, reserved 1140736K
  class space    used 13008K, capacity 13507K, committed 15360K, reserved 1048576K
}
Event: 10527.845 GC heap before
{Heap before GC invocations=1458 (full 240):
 garbage-first heap   total 378880K, used 217683K [0x0000000740000000, 0x0000000800000000)
  region size 1024K, 48 young (49152K), 1 survivors (1024K)
 Metaspace       used 100389K, capacity 101668K, committed 106828K, reserved 1140736K
  class space    used 13008K, capacity 13507K, committed 15360K, reserved 1048576K
}
Event: 10528.071 GC heap after
{Heap after GC invocations=1459 (full 241):
 garbage-first heap   total 378880K, used 170270K [0x0000000740000000, 0x0000000800000000)
  region size 1024K, 0 young (0K), 0 survivors (0K)
 Metaspace       used 100389K, capacity 101668K, committed 106828K, reserved 1140736K
  class space    used 13008K, capacity 13507K, committed 15360K, reserved 1048576K
}
Event: 10538.847 GC heap before
{Heap before GC invocations=1459 (full 241):
 garbage-first heap   total 378880K, used 231710K [0x0000000740000000, 0x0000000800000000)
  region size 1024K, 60 young (61440K), 0 survivors (0K)
 Metaspace       used 100394K, capacity 101668K, committed 106828K, reserved 1140736K
  class space    used 13008K, capacity 13507K, committed 15360K, reserved 1048576K
}
Event: 10538.853 GC heap after
{Heap after GC invocations=1460 (full 241):
 garbage-first heap   total 378880K, used 171123K [0x0000000740000000, 0x0000000800000000)
  region size 1024K, 1 young (1024K), 1 survivors (1024K)
 Metaspace       used 100394K, capacity 101668K, committed 106828K, reserved 1140736K
  class space    used 13008K, capacity 13507K, committed 15360K, reserved 1048576K
}
Event: 10548.822 GC heap before
{Heap before GC invocations=1461 (full 241):
 garbage-first heap   total 378880K, used 231442K [0x0000000740000000, 0x0000000800000000)
  region size 1024K, 60 young (61440K), 1 survivors (1024K)
 Metaspace       used 100394K, capacity 101668K, committed 106828K, reserved 1140736K
  class space    used 13008K, capacity 13507K, committed 15360K, reserved 1048576K
}
Event: 10548.832 GC heap after
{Heap after GC invocations=1462 (full 241):
 garbage-first heap   total 378880K, used 171095K [0x0000000740000000, 0x0000000800000000)
  region size 1024K, 1 young (1024K), 1 survivors (1024K)
 Metaspace       used 100394K, capacity 101668K, committed 106828K, reserved 1140736K
  class space    used 13008K, capacity 13507K, committed 15360K, reserved 1048576K
}
Event: 10556.933 GC heap before
{Heap before GC invocations=1462 (full 241):
 garbage-first heap   total 378880K, used 231511K [0x0000000740000000, 0x0000000800000000)
  region size 1024K, 60 young (61440K), 1 survivors (1024K)
 Metaspace       used 100394K, capacity 101668K, committed 106828K, reserved 1140736K
  class space    used 13008K, capacity 13507K, committed 15360K, reserved 1048576K
}
Event: 10556.937 GC heap after
{Heap after GC invocations=1463 (full 241):
 garbage-first heap   total 378880K, used 170973K [0x0000000740000000, 0x0000000800000000)
  region size 1024K, 1 young (1024K), 1 survivors (1024K)
 Metaspace       used 100394K, capacity 101668K, committed 106828K, reserved 1140736K
  class space    used 13008K, capacity 13507K, committed 15360K, reserved 1048576K
}
Event: 10558.622 GC heap before
{Heap before GC invocations=1464 (full 241):
 garbage-first heap   total 378880K, used 231389K [0x0000000740000000, 0x0000000800000000)
  region size 1024K, 60 young (61440K), 1 survivors (1024K)
 Metaspace       used 100409K, capacity 101668K, committed 106828K, reserved 1140736K
  class space    used 13008K, capacity 13507K, committed 15360K, reserved 1048576K
}
Event: 10558.629 GC heap after
{Heap after GC invocations=1465 (full 241):
 garbage-first heap   total 378880K, used 173881K [0x0000000740000000, 0x0000000800000000)
  region size 1024K, 4 young (4096K), 4 survivors (4096K)
 Metaspace       used 100409K, capacity 101668K, committed 106828K, reserved 1140736K
  class space    used 13008K, capacity 13507K, committed 15360K, reserved 1048576K
}
Event: 10559.049 GC heap before
{Heap before GC invocations=1465 (full 241):
 garbage-first heap   total 378880K, used 231225K [0x0000000740000000, 0x0000000800000000)
  region size 1024K, 60 young (61440K), 4 survivors (4096K)
 Metaspace       used 100410K, capacity 101668K, committed 106828K, reserved 1140736K
  class space    used 13008K, capacity 13507K, committed 15360K, reserved 1048576K
}
Event: 10559.055 GC heap after
{Heap after GC invocations=1466 (full 241):
 garbage-first heap   total 378880K, used 174606K [0x0000000740000000, 0x0000000800000000)
  region size 1024K, 5 young (5120K), 5 survivors (5120K)
 Metaspace       used 100410K, capacity 101668K, committed 106828K, reserved 1140736K
  class space    used 13008K, capacity 13507K, committed 15360K, reserved 1048576K
}
Event: 10559.543 GC heap before
{Heap before GC invocations=1467 (full 241):
 garbage-first heap   total 378880K, used 216590K [0x0000000740000000, 0x0000000800000000)
  region size 1024K, 47 young (48128K), 5 survivors (5120K)
 Metaspace       used 100412K, capacity 101732K, committed 107084K, reserved 1140736K
  class space    used 13008K, capacity 13507K, committed 15360K, reserved 1048576K
}
Event: 10559.559 GC heap after
{Heap after GC invocations=1468 (full 241):
 garbage-first heap   total 378880K, used 175247K [0x0000000740000000, 0x0000000800000000)
  region size 1024K, 5 young (5120K), 5 survivors (5120K)
 Metaspace       used 100412K, capacity 101732K, committed 107084K, reserved 1140736K
  class space    used 13008K, capacity 13507K, committed 15360K, reserved 1048576K
}
Event: 10560.721 GC heap before
{Heap before GC invocations=1469 (full 241):
 garbage-first heap   total 378880K, used 201871K [0x0000000740000000, 0x0000000800000000)
  region size 1024K, 30 young (30720K), 5 survivors (5120K)
 Metaspace       used 100412K, capacity 101732K, committed 107084K, reserved 1140736K
  class space    used 13008K, capacity 13507K, committed 15360K, reserved 1048576K
}
Event: 10560.925 GC heap after
{Heap after GC invocations=1470 (full 242):
 garbage-first heap   total 378880K, used 173076K [0x0000000740000000, 0x0000000800000000)
  region size 1024K, 0 young (0K), 0 survivors (0K)
 Metaspace       used 100412K, capacity 101732K, committed 107084K, reserved 1140736K
  class space    used 13008K, capacity 13507K, committed 15360K, reserved 1048576K
}

