# JRE version: OpenJDK Runtime Environment 18.9 (11.0.11+9) (build 11.0.11+9)
# Java VM: OpenJDK 64-Bit Server VM 18.9 (11.0.11+9, mixed mode, tiered, compressed oops, g1 gc, windows-amd64)
Heap:
 garbage-first heap   total 262144K, used 81061K [0x0000000740000000, 0x0000000800000000)
  region size 1024K, 18 young (18432K), 8 survivors (8192K)
 Metaspace       used 81889K, capacity 83931K, committed 83992K, reserved 1122304K
  class space    used 10969K, capacity 11886K, committed 11936K, reserved 1048576K
GC Heap History (20 events):
Event: 90.431 GC heap before
{Heap before GC invocations=26 (full 2):
 garbage-first heap   total 262144K, used 92560K [0x0000000740000000, 0x0000000800000000)
  region size 1024K, 30 young (30720K), 2 survivors (2048K)
 Metaspace       used 75892K, capacity 77631K, committed 77848K, reserved 1116160K
  class space    used 10024K, capacity 10827K, committed 10912K, reserved 1048576K
}
Event: 90.508 GC heap after
{Heap after GC invocations=27 (full 3):
 garbage-first heap   total 262144K, used 63599K [0x0000000740000000, 0x0000000800000000)
  region size 1024K, 0 young (0K), 0 survivors (0K)
 Metaspace       used 75892K, capacity 77631K, committed 77848K, reserved 1116160K
  class space    used 10024K, capacity 10827K, committed 10912K, reserved 1048576K
}
Event: 102.831 GC heap before
{Heap before GC invocations=27 (full 3):
 garbage-first heap   total 262144K, used 125039K [0x0000000740000000, 0x0000000800000000)
  region size 1024K, 60 young (61440K), 0 survivors (0K)
 Metaspace       used 75907K, capacity 77631K, committed 77848K, reserved 1116160K
  class space    used 10024K, capacity 10827K, committed 10912K, reserved 1048576K
}
Event: 102.837 GC heap after
{Heap after GC invocations=28 (full 3):
 garbage-first heap   total 262144K, used 64676K [0x0000000740000000, 0x0000000800000000)
  region size 1024K, 2 young (2048K), 2 survivors (2048K)
 Metaspace       used 75907K, capacity 77631K, committed 77848K, reserved 1116160K
  class space    used 10024K, capacity 10827K, committed 10912K, reserved 1048576K
}
Event: 115.040 GC heap before
{Heap before GC invocations=28 (full 3):
 garbage-first heap   total 262144K, used 124068K [0x0000000740000000, 0x0000000800000000)
  region size 1024K, 60 young (61440K), 2 survivors (2048K)
 Metaspace       used 75913K, capacity 77631K, committed 77848K, reserved 1116160K
  class space    used 10024K, capacity 10827K, committed 10912K, reserved 1048576K
}
Event: 115.044 GC heap after
{Heap after GC invocations=29 (full 3):
 garbage-first heap   total 262144K, used 64623K [0x0000000740000000, 0x0000000800000000)
  region size 1024K, 1 young (1024K), 1 survivors (1024K)
 Metaspace       used 75913K, capacity 77631K, committed 77848K, reserved 1116160K
  class space    used 10024K, capacity 10827K, committed 10912K, reserved 1048576K
}
Event: 120.528 GC heap before
{Heap before GC invocations=29 (full 3):
 garbage-first heap   total 262144K, used 91247K [0x0000000740000000, 0x0000000800000000)
  region size 1024K, 28 young (28672K), 1 survivors (1024K)
 Metaspace       used 75916K, capacity 77631K, committed 77848K, reserved 1116160K
  class space    used 10024K, capacity 10827K, committed 10912K, reserved 1048576K
}
Event: 120.609 GC heap after
{Heap after GC invocations=30 (full 4):
 garbage-first heap   total 262144K, used 63575K [0x0000000740000000, 0x0000000800000000)
  region size 1024K, 0 young (0K), 0 survivors (0K)
 Metaspace       used 75916K, capacity 77631K, committed 77848K, reserved 1116160K
  class space    used 10024K, capacity 10827K, committed 10912K, reserved 1048576K
}
Event: 133.173 GC heap before
{Heap before GC invocations=30 (full 4):
 garbage-first heap   total 262144K, used 125015K [0x0000000740000000, 0x0000000800000000)
  region size 1024K, 60 young (61440K), 0 survivors (0K)
 Metaspace       used 75942K, capacity 77767K, committed 78104K, reserved 1116160K
  class space    used 10024K, capacity 10827K, committed 10912K, reserved 1048576K
}
Event: 133.179 GC heap after
{Heap after GC invocations=31 (full 4):
 garbage-first heap   total 262144K, used 64549K [0x0000000740000000, 0x0000000800000000)
  region size 1024K, 1 young (1024K), 1 survivors (1024K)
 Metaspace       used 75942K, capacity 77767K, committed 78104K, reserved 1116160K
  class space    used 10024K, capacity 10827K, committed 10912K, reserved 1048576K
}
Event: 145.690 GC heap before
{Heap before GC invocations=31 (full 4):
 garbage-first heap   total 262144K, used 124965K [0x0000000740000000, 0x0000000800000000)
  region size 1024K, 60 young (61440K), 1 survivors (1024K)
 Metaspace       used 75945K, capacity 77767K, committed 78104K, reserved 1116160K
  class space    used 10024K, capacity 10827K, committed 10912K, reserved 1048576K
}
Event: 145.695 GC heap after
{Heap after GC invocations=32 (full 4):
 garbage-first heap   total 262144K, used 64560K [0x0000000740000000, 0x0000000800000000)
  region size 1024K, 1 young (1024K), 1 survivors (1024K)
 Metaspace       used 75945K, capacity 77767K, committed 78104K, reserved 1116160K
  class space    used 10024K, capacity 10827K, committed 10912K, reserved 1048576K
}
Event: 157.866 GC heap before
{Heap before GC invocations=32 (full 4):
 garbage-first heap   total 262144K, used 124976K [0x0000000740000000, 0x0000000800000000)
  region size 1024K, 60 young (61440K), 1 survivors (1024K)
 Metaspace       used 75967K, capacity 77767K, committed 78104K, reserved 1116160K
  class space    used 10024K, capacity 10827K, committed 10912K, reserved 1048576K
}
Event: 157.870 GC heap after
{Heap after GC invocations=33 (full 4):
 garbage-first heap   total 262144K, used 64664K [0x0000000740000000, 0x0000000800000000)
  region size 1024K, 2 young (2048K), 2 survivors (2048K)
 Metaspace       used 75967K, capacity 77767K, committed 78104K, reserved 1116160K
  class space    used 10024K, capacity 10827K, committed 10912K, reserved 1048576K
}
Event: 166.029 GC heap before
{Heap before GC invocations=33 (full 4):
 garbage-first heap   total 262144K, used 124056K [0x0000000740000000, 0x0000000800000000)
  region size 1024K, 60 young (61440K), 2 survivors (2048K)
 Metaspace       used 76942K, capacity 78738K, committed 79000K, reserved 1118208K
  class space    used 10192K, capacity 11019K, committed 11040K, reserved 1048576K
}
Event: 166.035 GC heap after
{Heap after GC invocations=34 (full 4):
 garbage-first heap   total 262144K, used 65858K [0x0000000740000000, 0x0000000800000000)
  region size 1024K, 3 young (3072K), 3 survivors (3072K)
 Metaspace       used 76942K, capacity 78738K, committed 79000K, reserved 1118208K
  class space    used 10192K, capacity 11019K, committed 11040K, reserved 1048576K
}
Event: 166.979 GC heap before
{Heap before GC invocations=34 (full 4):
 garbage-first heap   total 262144K, used 124226K [0x0000000740000000, 0x0000000800000000)
  region size 1024K, 60 young (61440K), 3 survivors (3072K)
 Metaspace       used 78883K, capacity 80749K, committed 80920K, reserved 1118208K
  class space    used 10478K, capacity 11314K, committed 11424K, reserved 1048576K
}
Event: 166.984 GC heap after
{Heap after GC invocations=35 (full 4):
 garbage-first heap   total 262144K, used 67491K [0x0000000740000000, 0x0000000800000000)
  region size 1024K, 4 young (4096K), 4 survivors (4096K)
 Metaspace       used 78883K, capacity 80749K, committed 80920K, reserved 1118208K
  class space    used 10478K, capacity 11314K, committed 11424K, reserved 1048576K
}
Event: 169.151 GC heap before
{Heap before GC invocations=35 (full 4):
 garbage-first heap   total 262144K, used 122787K [0x0000000740000000, 0x0000000800000000)
  region size 1024K, 58 young (59392K), 4 survivors (4096K)
 Metaspace       used 81814K, capacity 83867K, committed 83992K, reserved 1122304K
  class space    used 10969K, capacity 11886K, committed 11936K, reserved 1048576K
}
Event: 169.162 GC heap after
{Heap after GC invocations=36 (full 4):
 garbage-first heap   total 262144K, used 71845K [0x0000000740000000, 0x0000000800000000)
  region size 1024K, 8 young (8192K), 8 survivors (8192K)
 Metaspace       used 81814K, capacity 83867K, committed 83992K, reserved 1122304K
  class space    used 10969K, capacity 11886K, committed 11936K, reserved 1048576K
}

