# JRE version: OpenJDK Runtime Environment 18.9 (11.0.11+9) (build 11.0.11+9)
# Java VM: OpenJDK 64-Bit Server VM 18.9 (11.0.11+9, mixed mode, tiered, compressed oops, g1 gc, windows-amd64)
Heap:
 garbage-first heap   total 262144K, used 101715K [0x0000000740000000, 0x0000000800000000)
  region size 1024K, 1 young (1024K), 0 survivors (0K)
 Metaspace       used 93908K, capacity 96578K, committed 96904K, reserved 1132544K
  class space    used 12897K, capacity 14113K, committed 14208K, reserved 1048576K
GC Heap History (20 events):
Event: 668.278 GC heap before
{Heap before GC invocations=142 (full 43):
 garbage-first heap   total 262144K, used 160686K [0x0000000740000000, 0x0000000800000000)
  region size 1024K, 60 young (61440K), 1 survivors (1024K)
 Metaspace       used 93783K, capacity 96513K, committed 96648K, reserved 1132544K
  class space    used 12897K, capacity 14113K, committed 14208K, reserved 1048576K
}
Event: 668.283 GC heap after
{Heap after GC invocations=143 (full 43):
 garbage-first heap   total 262144K, used 100198K [0x0000000740000000, 0x0000000800000000)
  region size 1024K, 1 young (1024K), 1 survivors (1024K)
 Metaspace       used 93783K, capacity 96513K, committed 96648K, reserved 1132544K
  class space    used 12897K, capacity 14113K, committed 14208K, reserved 1048576K
}
Event: 670.464 GC heap before
{Heap before GC invocations=143 (full 43):
 garbage-first heap   total 262144K, used 110438K [0x0000000740000000, 0x0000000800000000)
  region size 1024K, 12 young (12288K), 1 survivors (1024K)
 Metaspace       used 93783K, capacity 96513K, committed 96648K, reserved 1132544K
  class space    used 12897K, capacity 14113K, committed 14208K, reserved 1048576K
}
Event: 670.593 GC heap after
{Heap after GC invocations=144 (full 44):
 garbage-first heap   total 262144K, used 98525K [0x0000000740000000, 0x0000000800000000)
  region size 1024K, 0 young (0K), 0 survivors (0K)
 Metaspace       used 93783K, capacity 96513K, committed 96648K, reserved 1132544K
  class space    used 12897K, capacity 14113K, committed 14208K, reserved 1048576K
}
Event: 683.088 GC heap before
{Heap before GC invocations=144 (full 44):
 garbage-first heap   total 262144K, used 159965K [0x0000000740000000, 0x0000000800000000)
  region size 1024K, 60 young (61440K), 0 survivors (0K)
 Metaspace       used 93783K, capacity 96513K, committed 96648K, reserved 1132544K
  class space    used 12897K, capacity 14113K, committed 14208K, reserved 1048576K
}
Event: 683.094 GC heap after
{Heap after GC invocations=145 (full 44):
 garbage-first heap   total 262144K, used 99459K [0x0000000740000000, 0x0000000800000000)
  region size 1024K, 1 young (1024K), 1 survivors (1024K)
 Metaspace       used 93783K, capacity 96513K, committed 96648K, reserved 1132544K
  class space    used 12897K, capacity 14113K, committed 14208K, reserved 1048576K
}
Event: 695.377 GC heap before
{Heap before GC invocations=145 (full 44):
 garbage-first heap   total 262144K, used 159875K [0x0000000740000000, 0x0000000800000000)
  region size 1024K, 60 young (61440K), 1 survivors (1024K)
 Metaspace       used 93783K, capacity 96513K, committed 96648K, reserved 1132544K
  class space    used 12897K, capacity 14113K, committed 14208K, reserved 1048576K
}
Event: 695.381 GC heap after
{Heap after GC invocations=146 (full 44):
 garbage-first heap   total 262144K, used 99479K [0x0000000740000000, 0x0000000800000000)
  region size 1024K, 1 young (1024K), 1 survivors (1024K)
 Metaspace       used 93783K, capacity 96513K, committed 96648K, reserved 1132544K
  class space    used 12897K, capacity 14113K, committed 14208K, reserved 1048576K
}
Event: 700.550 GC heap before
{Heap before GC invocations=146 (full 44):
 garbage-first heap   total 262144K, used 124055K [0x0000000740000000, 0x0000000800000000)
  region size 1024K, 26 young (26624K), 1 survivors (1024K)
 Metaspace       used 93783K, capacity 96513K, committed 96648K, reserved 1132544K
  class space    used 12897K, capacity 14113K, committed 14208K, reserved 1048576K
}
Event: 700.678 GC heap after
{Heap after GC invocations=147 (full 45):
 garbage-first heap   total 262144K, used 98719K [0x0000000740000000, 0x0000000800000000)
  region size 1024K, 0 young (0K), 0 survivors (0K)
 Metaspace       used 93783K, capacity 96513K, committed 96648K, reserved 1132544K
  class space    used 12897K, capacity 14113K, committed 14208K, reserved 1048576K
}
Event: 713.165 GC heap before
{Heap before GC invocations=147 (full 45):
 garbage-first heap   total 262144K, used 160159K [0x0000000740000000, 0x0000000800000000)
  region size 1024K, 60 young (61440K), 0 survivors (0K)
 Metaspace       used 93784K, capacity 96513K, committed 96648K, reserved 1132544K
  class space    used 12897K, capacity 14113K, committed 14208K, reserved 1048576K
}
Event: 713.169 GC heap after
{Heap after GC invocations=148 (full 45):
 garbage-first heap   total 262144K, used 99670K [0x0000000740000000, 0x0000000800000000)
  region size 1024K, 1 young (1024K), 1 survivors (1024K)
 Metaspace       used 93784K, capacity 96513K, committed 96648K, reserved 1132544K
  class space    used 12897K, capacity 14113K, committed 14208K, reserved 1048576K
}
Event: 723.023 GC heap before
{Heap before GC invocations=148 (full 45):
 garbage-first heap   total 262144K, used 160086K [0x0000000740000000, 0x0000000800000000)
  region size 1024K, 60 young (61440K), 1 survivors (1024K)
 Metaspace       used 93791K, capacity 96513K, committed 96648K, reserved 1132544K
  class space    used 12897K, capacity 14113K, committed 14208K, reserved 1048576K
}
Event: 723.027 GC heap after
{Heap after GC invocations=149 (full 45):
 garbage-first heap   total 262144K, used 99646K [0x0000000740000000, 0x0000000800000000)
  region size 1024K, 1 young (1024K), 1 survivors (1024K)
 Metaspace       used 93791K, capacity 96513K, committed 96648K, reserved 1132544K
  class space    used 12897K, capacity 14113K, committed 14208K, reserved 1048576K
}
Event: 729.987 GC heap before
{Heap before GC invocations=149 (full 45):
 garbage-first heap   total 262144K, used 160062K [0x0000000740000000, 0x0000000800000000)
  region size 1024K, 60 young (61440K), 1 survivors (1024K)
 Metaspace       used 93801K, capacity 96513K, committed 96648K, reserved 1132544K
  class space    used 12897K, capacity 14113K, committed 14208K, reserved 1048576K
}
Event: 729.991 GC heap after
{Heap after GC invocations=150 (full 45):
 garbage-first heap   total 262144K, used 99854K [0x0000000740000000, 0x0000000800000000)
  region size 1024K, 2 young (2048K), 2 survivors (2048K)
 Metaspace       used 93801K, capacity 96513K, committed 96648K, reserved 1132544K
  class space    used 12897K, capacity 14113K, committed 14208K, reserved 1048576K
}
Event: 730.977 GC heap before
{Heap before GC invocations=150 (full 45):
 garbage-first heap   total 262144K, used 159246K [0x0000000740000000, 0x0000000800000000)
  region size 1024K, 60 young (61440K), 2 survivors (2048K)
 Metaspace       used 93842K, capacity 96514K, committed 96648K, reserved 1132544K
  class space    used 12897K, capacity 14113K, committed 14208K, reserved 1048576K
}
Event: 730.982 GC heap after
{Heap after GC invocations=151 (full 45):
 garbage-first heap   total 262144K, used 102442K [0x0000000740000000, 0x0000000800000000)
  region size 1024K, 4 young (4096K), 4 survivors (4096K)
 Metaspace       used 93842K, capacity 96514K, committed 96648K, reserved 1132544K
  class space    used 12897K, capacity 14113K, committed 14208K, reserved 1048576K
}
Event: 732.277 GC heap before
{Heap before GC invocations=151 (full 45):
 garbage-first heap   total 262144K, used 153642K [0x0000000740000000, 0x0000000800000000)
  region size 1024K, 53 young (54272K), 4 survivors (4096K)
 Metaspace       used 93907K, capacity 96578K, committed 96904K, reserved 1132544K
  class space    used 12897K, capacity 14113K, committed 14208K, reserved 1048576K
}
Event: 732.414 GC heap after
{Heap after GC invocations=152 (full 46):
 garbage-first heap   total 262144K, used 101715K [0x0000000740000000, 0x0000000800000000)
  region size 1024K, 0 young (0K), 0 survivors (0K)
 Metaspace       used 93907K, capacity 96578K, committed 96904K, reserved 1132544K
  class space    used 12897K, capacity 14113K, committed 14208K, reserved 1048576K
}

