# JRE version: OpenJDK Runtime Environment 18.9 (11.0.11+9) (build 11.0.11+9)
# Java VM: OpenJDK 64-Bit Server VM 18.9 (11.0.11+9, mixed mode, tiered, compressed oops, g1 gc, windows-amd64)
Heap:
 garbage-first heap   total 262144K, used 77907K [0x0000000740000000, 0x0000000800000000)
  region size 1024K, 11 young (11264K), 0 survivors (0K)
 Metaspace       used 81792K, capacity 83805K, committed 84096K, reserved 1122304K
  class space    used 10944K, capacity 11868K, committed 11904K, reserved 1048576K
GC Heap History (20 events):
Event: 49.065 GC heap before
{Heap before GC invocations=15 (full 1):
 garbage-first heap   total 262144K, used 117925K [0x0000000740000000, 0x0000000800000000)
  region size 1024K, 60 young (61440K), 3 survivors (3072K)
 Metaspace       used 71948K, capacity 73438K, committed 73600K, reserved 1112064K
  class space    used 9580K, capacity 10250K, committed 10368K, reserved 1048576K
}
Event: 49.073 GC heap after
{Heap after GC invocations=16 (full 1):
 garbage-first heap   total 262144K, used 63939K [0x0000000740000000, 0x0000000800000000)
  region size 1024K, 7 young (7168K), 7 survivors (7168K)
 Metaspace       used 71948K, capacity 73438K, committed 73600K, reserved 1112064K
  class space    used 9580K, capacity 10250K, committed 10368K, reserved 1048576K
}
Event: 50.370 GC heap before
{Heap before GC invocations=16 (full 1):
 garbage-first heap   total 262144K, used 118211K [0x0000000740000000, 0x0000000800000000)
  region size 1024K, 60 young (61440K), 7 survivors (7168K)
 Metaspace       used 72690K, capacity 74217K, committed 74368K, reserved 1114112K
  class space    used 9675K, capacity 10359K, committed 10368K, reserved 1048576K
}
Event: 50.376 GC heap after
{Heap after GC invocations=17 (full 1):
 garbage-first heap   total 262144K, used 65632K [0x0000000740000000, 0x0000000800000000)
  region size 1024K, 3 young (3072K), 3 survivors (3072K)
 Metaspace       used 72690K, capacity 74217K, committed 74368K, reserved 1114112K
  class space    used 9675K, capacity 10359K, committed 10368K, reserved 1048576K
}
Event: 51.811 GC heap before
{Heap before GC invocations=17 (full 1):
 garbage-first heap   total 262144K, used 124000K [0x0000000740000000, 0x0000000800000000)
  region size 1024K, 60 young (61440K), 3 survivors (3072K)
 Metaspace       used 73843K, capacity 75476K, committed 75648K, reserved 1114112K
  class space    used 9827K, capacity 10546K, committed 10624K, reserved 1048576K
}
Event: 51.816 GC heap after
{Heap after GC invocations=18 (full 1):
 garbage-first heap   total 262144K, used 66108K [0x0000000740000000, 0x0000000800000000)
  region size 1024K, 4 young (4096K), 4 survivors (4096K)
 Metaspace       used 73843K, capacity 75476K, committed 75648K, reserved 1114112K
  class space    used 9827K, capacity 10546K, committed 10624K, reserved 1048576K
}
Event: 53.380 GC heap before
{Heap before GC invocations=18 (full 1):
 garbage-first heap   total 262144K, used 123452K [0x0000000740000000, 0x0000000800000000)
  region size 1024K, 60 young (61440K), 4 survivors (4096K)
 Metaspace       used 74774K, capacity 76520K, committed 76672K, reserved 1116160K
  class space    used 9949K, capacity 10753K, committed 10880K, reserved 1048576K
}
Event: 53.387 GC heap after
{Heap after GC invocations=19 (full 1):
 garbage-first heap   total 262144K, used 66477K [0x0000000740000000, 0x0000000800000000)
  region size 1024K, 4 young (4096K), 4 survivors (4096K)
 Metaspace       used 74774K, capacity 76520K, committed 76672K, reserved 1116160K
  class space    used 9949K, capacity 10753K, committed 10880K, reserved 1048576K
}
Event: 58.812 GC heap before
{Heap before GC invocations=19 (full 1):
 garbage-first heap   total 262144K, used 123821K [0x0000000740000000, 0x0000000800000000)
  region size 1024K, 60 young (61440K), 4 survivors (4096K)
 Metaspace       used 75519K, capacity 77305K, committed 77440K, reserved 1116160K
  class space    used 10000K, capacity 10825K, committed 10880K, reserved 1048576K
}
Event: 58.818 GC heap after
{Heap after GC invocations=20 (full 1):
 garbage-first heap   total 262144K, used 66882K [0x0000000740000000, 0x0000000800000000)
  region size 1024K, 4 young (4096K), 4 survivors (4096K)
 Metaspace       used 75519K, capacity 77305K, committed 77440K, reserved 1116160K
  class space    used 10000K, capacity 10825K, committed 10880K, reserved 1048576K
}
Event: 67.686 GC heap before
{Heap before GC invocations=20 (full 1):
 garbage-first heap   total 262144K, used 124226K [0x0000000740000000, 0x0000000800000000)
  region size 1024K, 60 young (61440K), 4 survivors (4096K)
 Metaspace       used 75655K, capacity 77497K, committed 77696K, reserved 1116160K
  class space    used 10001K, capacity 10825K, committed 10880K, reserved 1048576K
}
Event: 67.693 GC heap after
{Heap after GC invocations=21 (full 1):
 garbage-first heap   total 262144K, used 67489K [0x0000000740000000, 0x0000000800000000)
  region size 1024K, 5 young (5120K), 5 survivors (5120K)
 Metaspace       used 75655K, capacity 77497K, committed 77696K, reserved 1116160K
  class space    used 10001K, capacity 10825K, committed 10880K, reserved 1048576K
}
Event: 75.703 GC heap before
{Heap before GC invocations=21 (full 1):
 garbage-first heap   total 262144K, used 123809K [0x0000000740000000, 0x0000000800000000)
  region size 1024K, 60 young (61440K), 5 survivors (5120K)
 Metaspace       used 77047K, capacity 78806K, committed 78976K, reserved 1118208K
  class space    used 10251K, capacity 11066K, committed 11136K, reserved 1048576K
}
Event: 75.713 GC heap after
{Heap after GC invocations=22 (full 1):
 garbage-first heap   total 262144K, used 69134K [0x0000000740000000, 0x0000000800000000)
  region size 1024K, 5 young (5120K), 5 survivors (5120K)
 Metaspace       used 77047K, capacity 78806K, committed 78976K, reserved 1118208K
  class space    used 10251K, capacity 11066K, committed 11136K, reserved 1048576K
}
Event: 77.181 GC heap before
{Heap before GC invocations=22 (full 1):
 garbage-first heap   total 262144K, used 125454K [0x0000000740000000, 0x0000000800000000)
  region size 1024K, 60 young (61440K), 5 survivors (5120K)
 Metaspace       used 80081K, capacity 81944K, committed 82048K, reserved 1120256K
  class space    used 10720K, capacity 11586K, committed 11648K, reserved 1048576K
}
Event: 77.190 GC heap after
{Heap after GC invocations=23 (full 1):
 garbage-first heap   total 262144K, used 72313K [0x0000000740000000, 0x0000000800000000)
  region size 1024K, 7 young (7168K), 7 survivors (7168K)
 Metaspace       used 80081K, capacity 81944K, committed 82048K, reserved 1120256K
  class space    used 10720K, capacity 11586K, committed 11648K, reserved 1048576K
}
Event: 79.054 GC heap before
{Heap before GC invocations=23 (full 1):
 garbage-first heap   total 262144K, used 127609K [0x0000000740000000, 0x0000000800000000)
  region size 1024K, 60 young (61440K), 7 survivors (7168K)
 Metaspace       used 81638K, capacity 83580K, committed 83840K, reserved 1122304K
  class space    used 10937K, capacity 11836K, committed 11904K, reserved 1048576K
}
Event: 79.063 GC heap after
{Heap after GC invocations=24 (full 1):
 garbage-first heap   total 262144K, used 73741K [0x0000000740000000, 0x0000000800000000)
  region size 1024K, 5 young (5120K), 5 survivors (5120K)
 Metaspace       used 81638K, capacity 83580K, committed 83840K, reserved 1122304K
  class space    used 10937K, capacity 11836K, committed 11904K, reserved 1048576K
}
Event: 79.382 GC heap before
{Heap before GC invocations=24 (full 1):
 garbage-first heap   total 262144K, used 78861K [0x0000000740000000, 0x0000000800000000)
  region size 1024K, 11 young (11264K), 5 survivors (5120K)
 Metaspace       used 81733K, capacity 83741K, committed 83840K, reserved 1122304K
  class space    used 10944K, capacity 11868K, committed 11904K, reserved 1048576K
}
Event: 79.476 GC heap after
{Heap after GC invocations=25 (full 2):
 garbage-first heap   total 262144K, used 67667K [0x0000000740000000, 0x0000000800000000)
  region size 1024K, 0 young (0K), 0 survivors (0K)
 Metaspace       used 81733K, capacity 83741K, committed 83840K, reserved 1122304K
  class space    used 10944K, capacity 11868K, committed 11904K, reserved 1048576K
}

