# JRE version: OpenJDK Runtime Environment 18.9 (11.0.11+9) (build 11.0.11+9)
# Java VM: OpenJDK 64-Bit Server VM 18.9 (11.0.11+9, mixed mode, tiered, compressed oops, g1 gc, windows-amd64)
Heap:
 garbage-first heap   total 262144K, used 70687K [0x0000000740000000, 0x0000000800000000)
  region size 1024K, 1 young (1024K), 0 survivors (0K)
 Metaspace       used 83256K, capacity 85299K, committed 85512K, reserved 1122304K
  class space    used 11066K, capacity 11960K, committed 12032K, reserved 1048576K
GC Heap History (20 events):
Event: 126.418 GC heap before
{Heap before GC invocations=31 (full 2):
 garbage-first heap   total 262144K, used 125932K [0x0000000740000000, 0x0000000800000000)
  region size 1024K, 60 young (61440K), 2 survivors (2048K)
 Metaspace       used 77742K, capacity 79616K, committed 79752K, reserved 1118208K
  class space    used 10170K, capacity 11019K, committed 11136K, reserved 1048576K
}
Event: 126.423 GC heap after
{Heap after GC invocations=32 (full 2):
 garbage-first heap   total 262144K, used 66172K [0x0000000740000000, 0x0000000800000000)
  region size 1024K, 2 young (2048K), 2 survivors (2048K)
 Metaspace       used 77742K, capacity 79616K, committed 79752K, reserved 1118208K
  class space    used 10170K, capacity 11019K, committed 11136K, reserved 1048576K
}
Event: 131.594 GC heap before
{Heap before GC invocations=32 (full 2):
 garbage-first heap   total 262144K, used 91772K [0x0000000740000000, 0x0000000800000000)
  region size 1024K, 28 young (28672K), 2 survivors (2048K)
 Metaspace       used 77744K, capacity 79616K, committed 79752K, reserved 1118208K
  class space    used 10170K, capacity 11019K, committed 11136K, reserved 1048576K
}
Event: 131.674 GC heap after
{Heap after GC invocations=33 (full 3):
 garbage-first heap   total 262144K, used 64740K [0x0000000740000000, 0x0000000800000000)
  region size 1024K, 0 young (0K), 0 survivors (0K)
 Metaspace       used 77744K, capacity 79616K, committed 79752K, reserved 1118208K
  class space    used 10170K, capacity 11019K, committed 11136K, reserved 1048576K
}
Event: 144.780 GC heap before
{Heap before GC invocations=33 (full 3):
 garbage-first heap   total 262144K, used 126180K [0x0000000740000000, 0x0000000800000000)
  region size 1024K, 60 young (61440K), 0 survivors (0K)
 Metaspace       used 77748K, capacity 79616K, committed 79752K, reserved 1118208K
  class space    used 10170K, capacity 11019K, committed 11136K, reserved 1048576K
}
Event: 144.785 GC heap after
{Heap after GC invocations=34 (full 3):
 garbage-first heap   total 262144K, used 65793K [0x0000000740000000, 0x0000000800000000)
  region size 1024K, 2 young (2048K), 2 survivors (2048K)
 Metaspace       used 77748K, capacity 79616K, committed 79752K, reserved 1118208K
  class space    used 10170K, capacity 11019K, committed 11136K, reserved 1048576K
}
Event: 157.396 GC heap before
{Heap before GC invocations=34 (full 3):
 garbage-first heap   total 262144K, used 125185K [0x0000000740000000, 0x0000000800000000)
  region size 1024K, 60 young (61440K), 2 survivors (2048K)
 Metaspace       used 77760K, capacity 79616K, committed 79752K, reserved 1118208K
  class space    used 10170K, capacity 11019K, committed 11136K, reserved 1048576K
}
Event: 157.403 GC heap after
{Heap after GC invocations=35 (full 3):
 garbage-first heap   total 262144K, used 65737K [0x0000000740000000, 0x0000000800000000)
  region size 1024K, 1 young (1024K), 1 survivors (1024K)
 Metaspace       used 77760K, capacity 79616K, committed 79752K, reserved 1118208K
  class space    used 10170K, capacity 11019K, committed 11136K, reserved 1048576K
}
Event: 161.654 GC heap before
{Heap before GC invocations=35 (full 3):
 garbage-first heap   total 262144K, used 85193K [0x0000000740000000, 0x0000000800000000)
  region size 1024K, 21 young (21504K), 1 survivors (1024K)
 Metaspace       used 77777K, capacity 79684K, committed 80008K, reserved 1118208K
  class space    used 10170K, capacity 11019K, committed 11136K, reserved 1048576K
}
Event: 161.734 GC heap after
{Heap after GC invocations=36 (full 4):
 garbage-first heap   total 262144K, used 64662K [0x0000000740000000, 0x0000000800000000)
  region size 1024K, 0 young (0K), 0 survivors (0K)
 Metaspace       used 77777K, capacity 79684K, committed 80008K, reserved 1118208K
  class space    used 10170K, capacity 11019K, committed 11136K, reserved 1048576K
}
Event: 174.793 GC heap before
{Heap before GC invocations=36 (full 4):
 garbage-first heap   total 262144K, used 126102K [0x0000000740000000, 0x0000000800000000)
  region size 1024K, 60 young (61440K), 0 survivors (0K)
 Metaspace       used 77780K, capacity 79684K, committed 80008K, reserved 1118208K
  class space    used 10170K, capacity 11019K, committed 11136K, reserved 1048576K
}
Event: 174.798 GC heap after
{Heap after GC invocations=37 (full 4):
 garbage-first heap   total 262144K, used 65658K [0x0000000740000000, 0x0000000800000000)
  region size 1024K, 1 young (1024K), 1 survivors (1024K)
 Metaspace       used 77780K, capacity 79684K, committed 80008K, reserved 1118208K
  class space    used 10170K, capacity 11019K, committed 11136K, reserved 1048576K
}
Event: 187.295 GC heap before
{Heap before GC invocations=37 (full 4):
 garbage-first heap   total 262144K, used 126074K [0x0000000740000000, 0x0000000800000000)
  region size 1024K, 60 young (61440K), 1 survivors (1024K)
 Metaspace       used 77788K, capacity 79684K, committed 80008K, reserved 1118208K
  class space    used 10170K, capacity 11019K, committed 11136K, reserved 1048576K
}
Event: 187.302 GC heap after
{Heap after GC invocations=38 (full 4):
 garbage-first heap   total 262144K, used 65732K [0x0000000740000000, 0x0000000800000000)
  region size 1024K, 2 young (2048K), 2 survivors (2048K)
 Metaspace       used 77788K, capacity 79684K, committed 80008K, reserved 1118208K
  class space    used 10170K, capacity 11019K, committed 11136K, reserved 1048576K
}
Event: 191.540 GC heap before
{Heap before GC invocations=38 (full 4):
 garbage-first heap   total 262144K, used 125124K [0x0000000740000000, 0x0000000800000000)
  region size 1024K, 60 young (61440K), 2 survivors (2048K)
 Metaspace       used 79210K, capacity 81133K, committed 81288K, reserved 1120256K
  class space    used 10467K, capacity 11308K, committed 11392K, reserved 1048576K
}
Event: 191.546 GC heap after
{Heap after GC invocations=39 (full 4):
 garbage-first heap   total 262144K, used 67832K [0x0000000740000000, 0x0000000800000000)
  region size 1024K, 4 young (4096K), 4 survivors (4096K)
 Metaspace       used 79210K, capacity 81133K, committed 81288K, reserved 1120256K
  class space    used 10467K, capacity 11308K, committed 11392K, reserved 1048576K
}
Event: 192.186 GC heap before
{Heap before GC invocations=39 (full 4):
 garbage-first heap   total 262144K, used 125176K [0x0000000740000000, 0x0000000800000000)
  region size 1024K, 60 young (61440K), 4 survivors (4096K)
 Metaspace       used 80478K, capacity 82463K, committed 82696K, reserved 1120256K
  class space    used 10610K, capacity 11483K, committed 11520K, reserved 1048576K
}
Event: 192.190 GC heap after
{Heap after GC invocations=40 (full 4):
 garbage-first heap   total 262144K, used 68413K [0x0000000740000000, 0x0000000800000000)
  region size 1024K, 4 young (4096K), 4 survivors (4096K)
 Metaspace       used 80478K, capacity 82463K, committed 82696K, reserved 1120256K
  class space    used 10610K, capacity 11483K, committed 11520K, reserved 1048576K
}
Event: 193.836 GC heap before
{Heap before GC invocations=40 (full 4):
 garbage-first heap   total 262144K, used 112445K [0x0000000740000000, 0x0000000800000000)
  region size 1024K, 47 young (48128K), 4 survivors (4096K)
 Metaspace       used 83250K, capacity 85299K, committed 85512K, reserved 1122304K
  class space    used 11066K, capacity 11960K, committed 12032K, reserved 1048576K
}
Event: 193.931 GC heap after
{Heap after GC invocations=41 (full 5):
 garbage-first heap   total 262144K, used 70687K [0x0000000740000000, 0x0000000800000000)
  region size 1024K, 0 young (0K), 0 survivors (0K)
 Metaspace       used 83250K, capacity 85299K, committed 85512K, reserved 1122304K
  class space    used 11066K, capacity 11960K, committed 12032K, reserved 1048576K
}

